Building in: /Users/dustin/Desktop/C++ study/C++ study runoob/build/default
Configuring in: /Users/dustin/Desktop/C++ study/C++ study runoob/build/default
cmake -G Ninja -DCMAKE_BUILD_TYPE=Release -DCMAKE_EXPORT_COMPILE_COMMANDS=ON /Users/dustin/Desktop/C++ study/C++ study runoob
Error: build command 'cmake' not foundFailure running cmake: 
Building in: /Users/dustin/Desktop/C++ study/C++ study runoob/build/default
Configuring in: /Users/dustin/Desktop/C++ study/C++ study runoob/build/default
cmake -G Ninja -DCMAKE_BUILD_TYPE=Release -DCMAKE_EXPORT_COMPILE_COMMANDS=ON /Users/dustin/Desktop/C++ study/C++ study runoob
Error: build command 'cmake' not foundFailure running cmake: 
Building in: /Users/dustin/Desktop/C++ study/C++ study runoob/build/default
Configuring in: /Users/dustin/Desktop/C++ study/C++ study runoob/build/default
cmake -G Ninja -DCMAKE_BUILD_TYPE=Release -DCMAKE_EXPORT_COMPILE_COMMANDS=ON /Users/dustin/Desktop/C++ study/C++ study runoob
Error: build command 'cmake' not foundFailure running cmake: 
Building in: /Users/dustin/Desktop/C++ study/C++ study runoob/build/default
Configuring in: /Users/dustin/Desktop/C++ study/C++ study runoob/build/default
cmake -G Ninja -DCMAKE_BUILD_TYPE=Release -DCMAKE_EXPORT_COMPILE_COMMANDS=ON /Users/dustin/Desktop/C++ study/C++ study runoob
Error: build command 'cmake' not foundFailure running cmake: 
Building in: /Users/dustin/Desktop/C++ study/C++ study runoob/build/default
Configuring in: /Users/dustin/Desktop/C++ study/C++ study runoob/build/default
cmake -G Ninja -DCMAKE_BUILD_TYPE=Release -DCMAKE_EXPORT_COMPILE_COMMANDS=ON /Users/dustin/Desktop/C++ study/C++ study runoob
Error: build command 'cmake' not foundFailure running cmake: 
Building in: /Users/dustin/Desktop/C++ study/C++ study runoob/build/default
Configuring in: /Users/dustin/Desktop/C++ study/C++ study runoob/build/default
cmake -G Ninja -DCMAKE_BUILD_TYPE=Release -DCMAKE_EXPORT_COMPILE_COMMANDS=ON /Users/dustin/Desktop/C++ study/C++ study runoob
Error: build command 'cmake' not foundFailure running cmake: 
Building in: /Users/dustin/Desktop/C++ study/C++ runoob/build/default
Configuring in: /Users/dustin/Desktop/C++ study/C++ runoob/build/default
cmake -G Ninja -DCMAKE_BUILD_TYPE=Release -DCMAKE_EXPORT_COMPILE_COMMANDS=ON /Users/dustin/Desktop/C++ study/C++ runoob
Error: build command 'cmake' not foundFailure running cmake: 
Building in: /Users/dustin/Desktop/C++ study/C++ runoob/build/default
Configuring in: /Users/dustin/Desktop/C++ study/C++ runoob/build/default
cmake -G Ninja -DCMAKE_BUILD_TYPE=Release -DCMAKE_EXPORT_COMPILE_COMMANDS=ON /Users/dustin/Desktop/C++ study/C++ runoob
Error: build command 'cmake' not foundFailure running cmake: 
Building in: /Users/dustin/Desktop/C++ study/C++ runoob/build/default
Configuring in: /Users/dustin/Desktop/C++ study/C++ runoob/build/default
cmake -G Ninja -DCMAKE_BUILD_TYPE=Release -DCMAKE_EXPORT_COMPILE_COMMANDS=ON /Users/dustin/Desktop/C++ study/C++ runoob
Error: build command 'cmake' not foundFailure running cmake: 
Building in: /Users/dustin/Desktop/C++ study/C++ runoob/build/default
Configuring in: /Users/dustin/Desktop/C++ study/C++ runoob/build/default
cmake -G Ninja -DCMAKE_BUILD_TYPE=Release -DCMAKE_EXPORT_COMPILE_COMMANDS=ON /Users/dustin/Desktop/C++ study/C++ runoob
Error: build command 'cmake' not foundFailure running cmake: 
Building in: /Users/dustin/Desktop/C++ study/C++ runoob/build/default
Configuring in: /Users/dustin/Desktop/C++ study/C++ runoob/build/default
cmake -G Ninja -DCMAKE_BUILD_TYPE=Release -DCMAKE_EXPORT_COMPILE_COMMANDS=ON /Users/dustin/Desktop/C++ study/C++ runoob
Error: build command 'cmake' not foundFailure running cmake: 
Building in: /Users/dustin/Desktop/C++ study/C++ runoob/build/default
Configuring in: /Users/dustin/Desktop/C++ study/C++ runoob/build/default
cmake -G Ninja -DCMAKE_BUILD_TYPE=Release -DCMAKE_EXPORT_COMPILE_COMMANDS=ON /Users/dustin/Desktop/C++ study/C++ runoob
Error: build command 'cmake' not foundFailure running cmake: 
Building in: /Users/dustin/Desktop/C++ study/C++ runoob/build/default
Configuring in: /Users/dustin/Desktop/C++ study/C++ runoob/build/default
cmake -G Ninja -DCMAKE_BUILD_TYPE=Release -DCMAKE_EXPORT_COMPILE_COMMANDS=ON /Users/dustin/Desktop/C++ study/C++ runoob
Error: build command 'cmake' not foundFailure running cmake: 
Building in: /Users/dustin/Desktop/C++ study/C++ runoob/build/default
Configuring in: /Users/dustin/Desktop/C++ study/C++ runoob/build/default
cmake -G Ninja -DCMAKE_BUILD_TYPE=Release -DCMAKE_EXPORT_COMPILE_COMMANDS=ON /Users/dustin/Desktop/C++ study/C++ runoob
Error: build command 'cmake' not foundFailure running cmake: 
Building in: /Users/dustin/Desktop/C++ study/C++ runoob/build/default
Configuring in: /Users/dustin/Desktop/C++ study/C++ runoob/build/default
cmake -G Ninja -DCMAKE_BUILD_TYPE=Release -DCMAKE_EXPORT_COMPILE_COMMANDS=ON /Users/dustin/Desktop/C++ study/C++ runoob
Error: build command 'cmake' not foundFailure running cmake: 
Building in: /Users/dustin/Desktop/C++ study/C++ runoob/build/default
Configuring in: /Users/dustin/Desktop/C++ study/C++ runoob/build/default
cmake -G Ninja -DCMAKE_BUILD_TYPE=Release -DCMAKE_EXPORT_COMPILE_COMMANDS=ON /Users/dustin/Desktop/C++ study/C++ runoob
Error: build command 'cmake' not foundFailure running cmake: 
Building in: /Users/dustin/Desktop/C++ study/C++ runoob/build/default
Configuring in: /Users/dustin/Desktop/C++ study/C++ runoob/build/default
cmake -G Ninja -DCMAKE_BUILD_TYPE=Release -DCMAKE_EXPORT_COMPILE_COMMANDS=ON /Users/dustin/Desktop/C++ study/C++ runoob
Error: build command 'cmake' not foundFailure running cmake: 
Building in: /Users/dustin/Desktop/C++ study/C++ runoob/build/default
Configuring in: /Users/dustin/Desktop/C++ study/C++ runoob/build/default
cmake -G Ninja -DCMAKE_BUILD_TYPE=Release -DCMAKE_EXPORT_COMPILE_COMMANDS=ON /Users/dustin/Desktop/C++ study/C++ runoob
Error: build command 'cmake' not foundFailure running cmake: 
-LAH . 
Building in: /Users/dustin/Desktop/C++ study/C++ runoob/build/default
Configuring in: /Users/dustin/Desktop/C++ study/C++ runoob/build/default
cmake -G Ninja -DCMAKE_BUILD_TYPE=Release -DCMAKE_EXPORT_COMPILE_COMMANDS=ON /Users/dustin/Desktop/C++ study/C++ runoob
Error: build command 'cmake' not foundFailure running cmake: 
Building in: /Users/dustin/Desktop/C++ study/C++ runoob/build/default
Configuring in: /Users/dustin/Desktop/C++ study/C++ runoob/build/default
cmake -G Ninja -DCMAKE_BUILD_TYPE=Release -DCMAKE_EXPORT_COMPILE_COMMANDS=ON /Users/dustin/Desktop/C++ study/C++ runoob
Error: build command 'cmake' not foundFailure running cmake: 
Building in: /Users/dustin/Desktop/C++ study/C++ runoob/build/default
Configuring in: /Users/dustin/Desktop/C++ study/C++ runoob/build/default
cmake -G Ninja -DCMAKE_BUILD_TYPE=Release -DCMAKE_EXPORT_COMPILE_COMMANDS=ON /Users/dustin/Desktop/C++ study/C++ runoob
Error: build command 'cmake' not foundFailure running cmake: 
Building in: /Users/dustin/Desktop/C++ study/C++ runoob/build/default
Configuring in: /Users/dustin/Desktop/C++ study/C++ runoob/build/default
cmake -G Ninja -DCMAKE_BUILD_TYPE=Release -DCMAKE_EXPORT_COMPILE_COMMANDS=ON /Users/dustin/Desktop/C++ study/C++ runoob
Error: build command 'cmake' not foundFailure running cmake: 
Building in: /Users/dustin/Desktop/C++ study/C++ runoob/build/default
Configuring in: /Users/dustin/Desktop/C++ study/C++ runoob/build/default
cmake -G Ninja -DCMAKE_BUILD_TYPE=Release -DCMAKE_EXPORT_COMPILE_COMMANDS=ON /Users/dustin/Desktop/C++ study/C++ runoob
Error: build command 'cmake' not foundFailure running cmake: 
Building in: /Users/dustin/Desktop/C++ study/C++ runoob/build/default
Configuring in: /Users/dustin/Desktop/C++ study/C++ runoob/build/default
cmake -G Ninja -DCMAKE_BUILD_TYPE=Release -DCMAKE_EXPORT_COMPILE_COMMANDS=ON /Users/dustin/Desktop/C++ study/C++ runoob
Error: build command 'cmake' not foundFailure running cmake: 
Building in: /Users/dustin/Desktop/C++ study/C++ runoob/build/default
Configuring in: /Users/dustin/Desktop/C++ study/C++ runoob/build/default
cmake -G Ninja -DCMAKE_BUILD_TYPE=Release -DCMAKE_EXPORT_COMPILE_COMMANDS=ON /Users/dustin/Desktop/C++ study/C++ runoob
Error: build command 'cmake' not foundFailure running cmake: 
Building in: /Users/dustin/Desktop/C++ study/C++ runoob/build/default
Configuring in: /Users/dustin/Desktop/C++ study/C++ runoob/build/default
cmake -G Ninja -DCMAKE_BUILD_TYPE=Release -DCMAKE_EXPORT_COMPILE_COMMANDS=ON /Users/dustin/Desktop/C++ study/C++ runoob
Error: build command 'cmake' not foundFailure running cmake: 
Building in: /Users/dustin/Desktop/C++ study/C++ runoob/build/default
Configuring in: /Users/dustin/Desktop/C++ study/C++ runoob/build/default
cmake -G Ninja -DCMAKE_BUILD_TYPE=Release -DCMAKE_EXPORT_COMPILE_COMMANDS=ON /Users/dustin/Desktop/C++ study/C++ runoob
Error: build command 'cmake' not foundFailure running cmake: 
